<?xml version="1.0" encoding="UTF-8"?>
<!-- Generated by org.testng.reporters.JUnitReportReporter -->
<testsuite hostname="Rajeshs-MacBook-Pro.local" failures="0" tests="1" name="com.runner.TestRunner" time="44.758" errors="0" timestamp="18 May 2022 15:08:34 GMT" skipped="0">
  <testcase classname="com.runner.TestRunner" name="runScenario" time="44.758"/>
</testsuite> <!-- com.runner.TestRunner -->
