<?xml version="1.0" encoding="UTF-8"?>
<!-- Generated by org.testng.reporters.JUnitReportReporter -->
<testsuite skipped="0" hostname="Rajeshs-MacBook-Pro.local" name="com.runner.TestRunner" tests="1" failures="0" timestamp="18 May 2022 15:06:31 GMT" time="45.286" errors="0">
  <testcase name="runScenario" time="45.286" classname="com.runner.TestRunner"/>
</testsuite> <!-- com.runner.TestRunner -->
